#
# There is insufficient memory for the Java Runtime Environment to continue.
# Native memory allocation (malloc) failed to allocate 2115056 bytes for Chunk::new
# Possible reasons:
#   The system is out of physical RAM or swap space
#   The process is running with CompressedOops enabled, and the Java Heap may be blocking the growth of the native heap
# Possible solutions:
#   Reduce memory load on the system
#   Increase physical memory or swap space
#   Check if swap backing store is full
#   Decrease Java heap size (-Xmx/-Xms)
#   Decrease number of Java threads
#   Decrease Java thread stack sizes (-Xss)
#   Set larger code cache with -XX:ReservedCodeCacheSize=
#   JVM is running with Unscaled Compressed Oops mode in which the Java heap is
#     placed in the first 4GB address space. The Java Heap base address is the
#     maximum limit for the native heap growth. Please use -XX:HeapBaseMinAddress
#     to set the Java Heap base and to place the Java Heap above 4GB virtual address.
# This output file may be truncated or incomplete.
#
#  Out of Memory Error (./src/hotspot/share/memory/arena.cpp:197), pid=12800, tid=17220
#
# JRE version: OpenJDK Runtime Environment (11.0.11+9) (build 11.0.11+9-b60-7590822)
# Java VM: OpenJDK 64-Bit Server VM (11.0.11+9-b60-7590822, mixed mode, tiered, compressed oops, g1 gc, windows-amd64)
# No core dump will be written. Minidumps are not enabled by default on client versions of Windows
#

---------------  S U M M A R Y ------------

Command Line: --add-opens=java.base/java.util=ALL-UNNAMED --add-opens=java.base/java.lang=ALL-UNNAMED --add-opens=java.base/java.lang.invoke=ALL-UNNAMED --add-opens=java.base/java.util=ALL-UNNAMED --add-opens=java.prefs/java.util.prefs=ALL-UNNAMED --add-opens=java.prefs/java.util.prefs=ALL-UNNAMED --add-opens=java.base/java.nio.charset=ALL-UNNAMED --add-opens=java.base/java.net=ALL-UNNAMED --add-opens=java.base/java.util.concurrent.atomic=ALL-UNNAMED -Xmx2048m -Dfile.encoding=UTF-8 -Duser.country=IN -Duser.language=en -Duser.variant org.gradle.launcher.daemon.bootstrap.GradleDaemon 7.2

Host: Intel(R) Core(TM) i5-1035G1 CPU @ 1.00GHz, 8 cores, 11G,  Windows 10 , 64 bit Build 22000 (10.0.22000.434)
Time: Fri Apr 15 15:14:46 2022 Nepal Standard Time elapsed time: 15.852719 seconds (0d 0h 0m 15s)

---------------  T H R E A D  ---------------

Current thread (0x0000021a76ca3000):  JavaThread "C2 CompilerThread1" daemon [_thread_in_native, id=17220, stack(0x000000311ab00000,0x000000311ac00000)]


Current CompileTask:
C2:  15852 2725       4       jdk.internal.loader.URLClassPath::getResource (74 bytes)

Stack: [0x000000311ab00000,0x000000311ac00000]
Native frames: (J=compiled Java code, j=interpreted, Vv=VM code, C=native code)
V  [jvm.dll+0x5f214a]
V  [jvm.dll+0x726fb5]
V  [jvm.dll+0x7285cd]
V  [jvm.dll+0x728c83]
V  [jvm.dll+0x243278]
V  [jvm.dll+0xbc53c]
V  [jvm.dll+0xbca3c]
V  [jvm.dll+0x353e3b]
V  [jvm.dll+0x321893]
V  [jvm.dll+0x320d8a]
V  [jvm.dll+0x1fc1e2]
V  [jvm.dll+0x1fb3d4]
V  [jvm.dll+0x183d6c]
V  [jvm.dll+0x209a57]
V  [jvm.dll+0x2082a1]
V  [jvm.dll+0x6ef58f]
V  [jvm.dll+0x6e80b5]
V  [jvm.dll+0x5f1036]
C  [ucrtbase.dll+0x26c0c]
C  [KERNEL32.DLL+0x154e0]
C  [ntdll.dll+0x485b]


---------------  P R O C E S S  ---------------

Threads class SMR info:
_java_thread_list=0x0000021a74190f10, length=39, elements={
0x0000021a58d0f000, 0x0000021a731ca000, 0x0000021a739d3800, 0x0000021a73a29800,
0x0000021a73a2a800, 0x0000021a73a2d800, 0x0000021a73a3d800, 0x0000021a73a40800,
0x0000021a73a44000, 0x0000021a73ba1000, 0x0000021a75b46800, 0x0000021a75b44800,
0x0000021a75b46000, 0x0000021a75b49000, 0x0000021a75b45000, 0x0000021a75b47800,
0x0000021a75b4b000, 0x0000021a75b48800, 0x0000021a75b4a000, 0x0000021a7464e000,
0x0000021a7464d800, 0x0000021a7464c000, 0x0000021a7464b000, 0x0000021a7464c800,
0x0000021a7464a000, 0x0000021a74648800, 0x0000021a74649800, 0x0000021a74652800,
0x0000021a7464f000, 0x0000021a74651800, 0x0000021a74653000, 0x0000021a74650800,
0x0000021a74654000, 0x0000021a74655000, 0x0000021a74655800, 0x0000021a74650000,
0x0000021a74656800, 0x0000021a76ca3000, 0x0000021a76c1d800
}

Java Threads: ( => current thread )
  0x0000021a58d0f000 JavaThread "main" [_thread_blocked, id=27612, stack(0x0000003117700000,0x0000003117800000)]
  0x0000021a731ca000 JavaThread "Reference Handler" daemon [_thread_blocked, id=34644, stack(0x0000003117e00000,0x0000003117f00000)]
  0x0000021a739d3800 JavaThread "Finalizer" daemon [_thread_blocked, id=23584, stack(0x0000003117f00000,0x0000003118000000)]
  0x0000021a73a29800 JavaThread "Signal Dispatcher" daemon [_thread_blocked, id=32116, stack(0x0000003118000000,0x0000003118100000)]
  0x0000021a73a2a800 JavaThread "Attach Listener" daemon [_thread_blocked, id=15028, stack(0x0000003118100000,0x0000003118200000)]
  0x0000021a73a2d800 JavaThread "Service Thread" daemon [_thread_blocked, id=24624, stack(0x0000003118200000,0x0000003118300000)]
  0x0000021a73a3d800 JavaThread "C2 CompilerThread0" daemon [_thread_blocked, id=14252, stack(0x0000003118300000,0x0000003118400000)]
  0x0000021a73a40800 JavaThread "C1 CompilerThread0" daemon [_thread_blocked, id=16148, stack(0x0000003118400000,0x0000003118500000)]
  0x0000021a73a44000 JavaThread "Sweeper thread" daemon [_thread_blocked, id=1356, stack(0x0000003118500000,0x0000003118600000)]
  0x0000021a73ba1000 JavaThread "Common-Cleaner" daemon [_thread_blocked, id=33152, stack(0x0000003118600000,0x0000003118700000)]
  0x0000021a75b46800 JavaThread "Daemon health stats" [_thread_blocked, id=2816, stack(0x0000003118d00000,0x0000003118e00000)]
  0x0000021a75b44800 JavaThread "Incoming local TCP Connector on port 53297" [_thread_in_native, id=26488, stack(0x0000003118800000,0x0000003118900000)]
  0x0000021a75b46000 JavaThread "Daemon periodic checks" [_thread_blocked, id=34440, stack(0x0000003118c00000,0x0000003118d00000)]
  0x0000021a75b49000 JavaThread "Daemon" [_thread_blocked, id=22672, stack(0x0000003118e00000,0x0000003118f00000)]
  0x0000021a75b45000 JavaThread "Handler for socket connection from /127.0.0.1:53297 to /127.0.0.1:53298" [_thread_in_native, id=23120, stack(0x0000003118f00000,0x0000003119000000)]
  0x0000021a75b47800 JavaThread "Cancel handler" [_thread_blocked, id=34400, stack(0x0000003119000000,0x0000003119100000)]
  0x0000021a75b4b000 JavaThread "Daemon worker" [_thread_in_vm, id=33032, stack(0x0000003119100000,0x0000003119200000)]
  0x0000021a75b48800 JavaThread "Asynchronous log dispatcher for DefaultDaemonConnection: socket connection from /127.0.0.1:53297 to /127.0.0.1:53298" [_thread_blocked, id=33788, stack(0x0000003119200000,0x0000003119300000)]
  0x0000021a75b4a000 JavaThread "Stdin handler" [_thread_blocked, id=9820, stack(0x0000003119300000,0x0000003119400000)]
  0x0000021a7464e000 JavaThread "Daemon client event forwarder" [_thread_blocked, id=8184, stack(0x0000003119400000,0x0000003119500000)]
  0x0000021a7464d800 JavaThread "Cache worker for journal cache (C:\Users\HP\.gradle\caches\journal-1)" [_thread_blocked, id=28904, stack(0x0000003119500000,0x0000003119600000)]
  0x0000021a7464c000 JavaThread "File lock request listener" [_thread_in_native, id=25032, stack(0x0000003119600000,0x0000003119700000)]
  0x0000021a7464b000 JavaThread "Cache worker for file hash cache (C:\Users\HP\.gradle\caches\7.2\fileHashes)" [_thread_blocked, id=23556, stack(0x0000003119700000,0x0000003119800000)]
  0x0000021a7464c800 JavaThread "Cache worker for file hash cache (F:\Serious Projects\NewsApp\.gradle\7.2\fileHashes)" [_thread_blocked, id=24064, stack(0x0000003119e00000,0x0000003119f00000)]
  0x0000021a7464a000 JavaThread "File watcher server" daemon [_thread_in_native, id=32032, stack(0x0000003119d00000,0x0000003119e00000)]
  0x0000021a74648800 JavaThread "File watcher consumer" daemon [_thread_blocked, id=21596, stack(0x0000003119f00000,0x000000311a000000)]
  0x0000021a74649800 JavaThread "File lock release action executor" [_thread_blocked, id=12132, stack(0x000000311a000000,0x000000311a100000)]
  0x0000021a74652800 JavaThread "jar transforms" [_thread_blocked, id=31564, stack(0x000000311a100000,0x000000311a200000)]
  0x0000021a7464f000 JavaThread "jar transforms Thread 2" [_thread_blocked, id=14624, stack(0x000000311a200000,0x000000311a300000)]
  0x0000021a74651800 JavaThread "jar transforms Thread 3" [_thread_blocked, id=21188, stack(0x000000311a300000,0x000000311a400000)]
  0x0000021a74653000 JavaThread "jar transforms Thread 4" [_thread_blocked, id=14460, stack(0x000000311a400000,0x000000311a500000)]
  0x0000021a74650800 JavaThread "jar transforms Thread 5" [_thread_blocked, id=19544, stack(0x000000311a500000,0x000000311a600000)]
  0x0000021a74654000 JavaThread "jar transforms Thread 6" [_thread_blocked, id=33360, stack(0x000000311a600000,0x000000311a700000)]
  0x0000021a74655000 JavaThread "Cache worker for checksums cache (F:\Serious Projects\NewsApp\.gradle\checksums)" [_thread_blocked, id=9232, stack(0x000000311a700000,0x000000311a800000)]
  0x0000021a74655800 JavaThread "Cache worker for cache directory md-supplier (C:\Users\HP\.gradle\caches\7.2\md-supplier)" [_thread_blocked, id=34460, stack(0x000000311a800000,0x000000311a900000)]
  0x0000021a74650000 JavaThread "Cache worker for cache directory md-rule (C:\Users\HP\.gradle\caches\7.2\md-rule)" [_thread_blocked, id=8416, stack(0x000000311aa00000,0x000000311ab00000)]
  0x0000021a74656800 JavaThread "Cache worker for execution history cache (C:\Users\HP\.gradle\caches\7.2\executionHistory)" [_thread_blocked, id=12768, stack(0x000000311a900000,0x000000311aa00000)]
=>0x0000021a76ca3000 JavaThread "C2 CompilerThread1" daemon [_thread_in_native, id=17220, stack(0x000000311ab00000,0x000000311ac00000)]
  0x0000021a76c1d800 JavaThread "C2 CompilerThread2" daemon [_thread_blocked, id=19424, stack(0x000000311ac00000,0x000000311ad00000)]

Other Threads:
  0x0000021a731c5800 VMThread "VM Thread" [stack: 0x0000003117d00000,0x0000003117e00000] [id=23360]
  0x0000021a73bb4800 WatcherThread [stack: 0x0000003118700000,0x0000003118800000] [id=15432]
  0x0000021a58d29000 GCTaskThread "GC Thread#0" [stack: 0x0000003117800000,0x0000003117900000] [id=4964]
  0x0000021a740fe000 GCTaskThread "GC Thread#1" [stack: 0x0000003118900000,0x0000003118a00000] [id=32072]
  0x0000021a74bc1800 GCTaskThread "GC Thread#2" [stack: 0x0000003118a00000,0x0000003118b00000] [id=23848]
  0x0000021a74484800 GCTaskThread "GC Thread#3" [stack: 0x0000003118b00000,0x0000003118c00000] [id=13148]
  0x0000021a751f3000 GCTaskThread "GC Thread#4" [stack: 0x0000003119800000,0x0000003119900000] [id=7592]
  0x0000021a746f6800 GCTaskThread "GC Thread#5" [stack: 0x0000003119900000,0x0000003119a00000] [id=31700]
  0x0000021a76cb3800 GCTaskThread "GC Thread#6" [stack: 0x0000003119a00000,0x0000003119b00000] [id=18272]
  0x0000021a7527d800 GCTaskThread "GC Thread#7" [stack: 0x0000003119b00000,0x0000003119c00000] [id=620]
  0x0000021a58d5a000 ConcurrentGCThread "G1 Main Marker" [stack: 0x0000003117900000,0x0000003117a00000] [id=8128]
  0x0000021a58d5b000 ConcurrentGCThread "G1 Conc#0" [stack: 0x0000003117a00000,0x0000003117b00000] [id=35048]
  0x0000021a745e1800 ConcurrentGCThread "G1 Conc#1" [stack: 0x0000003119c00000,0x0000003119d00000] [id=37636]
  0x0000021a73016800 ConcurrentGCThread "G1 Refine#0" [stack: 0x0000003117b00000,0x0000003117c00000] [id=31900]
  0x0000021a73017800 ConcurrentGCThread "G1 Young RemSet Sampling" [stack: 0x0000003117c00000,0x0000003117d00000] [id=34220]

Threads with active compile tasks:
C2 CompilerThread1  15895 2725       4       jdk.internal.loader.URLClassPath::getResource (74 bytes)

VM state:not at safepoint (normal execution)

VM Mutex/Monitor currently owned by a thread: None

Heap address: 0x0000000080000000, size: 2048 MB, Compressed Oops mode: 32-bit
Narrow klass base: 0x0000000000000000, Narrow klass shift: 3
Compressed class space size: 1073741824 Address: 0x0000000100000000

Heap:
 garbage-first heap   total 194560K, used 37136K [0x0000000080000000, 0x0000000100000000)
  region size 1024K, 16 young (16384K), 5 survivors (5120K)
 Metaspace       used 32686K, capacity 33540K, committed 33788K, reserved 1079296K
  class space    used 4326K, capacity 4648K, committed 4684K, reserved 1048576K
Heap Regions: E=young(eden), S=young(survivor), O=old, HS=humongous(starts), HC=humongous(continues), CS=collection set, F=free, A=archive, TAMS=top-at-mark-start (previous, next)
|   0|0x0000000080000000, 0x0000000080100000, 0x0000000080100000|100%| O|  |TAMS 0x0000000080000000, 0x0000000080000000| Untracked 
|   1|0x0000000080100000, 0x0000000080200000, 0x0000000080200000|100%| O|  |TAMS 0x0000000080100000, 0x0000000080100000| Untracked 
|   2|0x0000000080200000, 0x0000000080300000, 0x0000000080300000|100%| O|  |TAMS 0x0000000080200000, 0x0000000080200000| Untracked 
|   3|0x0000000080300000, 0x0000000080400000, 0x0000000080400000|100%|HS|  |TAMS 0x0000000080400000, 0x0000000080300000| Complete 
|   4|0x0000000080400000, 0x0000000080500000, 0x0000000080500000|100%|HC|  |TAMS 0x0000000080500000, 0x0000000080400000| Complete 
|   5|0x0000000080500000, 0x0000000080600000, 0x0000000080600000|100%|HC|  |TAMS 0x0000000080600000, 0x0000000080500000| Complete 
|   6|0x0000000080600000, 0x0000000080700000, 0x0000000080700000|100%| O|  |TAMS 0x0000000080700000, 0x0000000080600000| Untracked 
|   7|0x0000000080700000, 0x0000000080800000, 0x0000000080800000|100%| O|  |TAMS 0x0000000080800000, 0x0000000080700000| Untracked 
|   8|0x0000000080800000, 0x0000000080900000, 0x0000000080900000|100%| O|  |TAMS 0x0000000080900000, 0x0000000080800000| Untracked 
|   9|0x0000000080900000, 0x0000000080a00000, 0x0000000080a00000|100%| O|  |TAMS 0x0000000080922a00, 0x0000000080900000| Untracked 
|  10|0x0000000080a00000, 0x0000000080b00000, 0x0000000080b00000|100%| O|  |TAMS 0x0000000080a00000, 0x0000000080a00000| Untracked 
|  11|0x0000000080b00000, 0x0000000080c00000, 0x0000000080c00000|100%| O|  |TAMS 0x0000000080b00000, 0x0000000080b00000| Untracked 
|  12|0x0000000080c00000, 0x0000000080d00000, 0x0000000080d00000|100%| O|  |TAMS 0x0000000080c00000, 0x0000000080c00000| Untracked 
|  13|0x0000000080d00000, 0x0000000080e00000, 0x0000000080e00000|100%| O|  |TAMS 0x0000000080d00000, 0x0000000080d00000| Untracked 
|  14|0x0000000080e00000, 0x0000000080f00000, 0x0000000080f00000|100%| O|  |TAMS 0x0000000080e00000, 0x0000000080e00000| Untracked 
|  15|0x0000000080f00000, 0x0000000081000000, 0x0000000081000000|100%| O|  |TAMS 0x0000000080f00000, 0x0000000080f00000| Untracked 
|  16|0x0000000081000000, 0x0000000081100000, 0x0000000081100000|100%| O|  |TAMS 0x0000000081000000, 0x0000000081000000| Untracked 
|  17|0x0000000081100000, 0x0000000081115000, 0x0000000081200000|  8%| O|  |TAMS 0x0000000081100000, 0x0000000081100000| Untracked 
|  18|0x0000000081200000, 0x0000000081300000, 0x0000000081300000|100%|HS|  |TAMS 0x0000000081200000, 0x0000000081200000| Complete 
|  19|0x0000000081300000, 0x0000000081400000, 0x0000000081400000|100%|HC|  |TAMS 0x0000000081300000, 0x0000000081300000| Complete 
|  20|0x0000000081400000, 0x0000000081500000, 0x0000000081500000|100%|HS|  |TAMS 0x0000000081400000, 0x0000000081400000| Complete 
|  21|0x0000000081500000, 0x0000000081600000, 0x0000000081600000|100%|HC|  |TAMS 0x0000000081500000, 0x0000000081500000| Complete 
|  22|0x0000000081600000, 0x0000000081700000, 0x0000000081700000|100%|HC|  |TAMS 0x0000000081600000, 0x0000000081600000| Complete 
|  23|0x0000000081700000, 0x0000000081700000, 0x0000000081800000|  0%| F|  |TAMS 0x0000000081700000, 0x0000000081700000| Untracked 
|  24|0x0000000081800000, 0x0000000081800000, 0x0000000081900000|  0%| F|  |TAMS 0x0000000081800000, 0x0000000081800000| Untracked 
|  25|0x0000000081900000, 0x0000000081900000, 0x0000000081a00000|  0%| F|  |TAMS 0x0000000081900000, 0x0000000081900000| Untracked 
|  26|0x0000000081a00000, 0x0000000081a00000, 0x0000000081b00000|  0%| F|  |TAMS 0x0000000081a00000, 0x0000000081a00000| Untracked 
|  27|0x0000000081b00000, 0x0000000081b00000, 0x0000000081c00000|  0%| F|  |TAMS 0x0000000081b00000, 0x0000000081b00000| Untracked 
|  28|0x0000000081c00000, 0x0000000081c00000, 0x0000000081d00000|  0%| F|  |TAMS 0x0000000081c00000, 0x0000000081c00000| Untracked 
|  29|0x0000000081d00000, 0x0000000081d00000, 0x0000000081e00000|  0%| F|  |TAMS 0x0000000081d00000, 0x0000000081d00000| Untracked 
|  30|0x0000000081e00000, 0x0000000081e00000, 0x0000000081f00000|  0%| F|  |TAMS 0x0000000081e00000, 0x0000000081e00000| Untracked 
|  31|0x0000000081f00000, 0x0000000081f00000, 0x0000000082000000|  0%| F|  |TAMS 0x0000000081f00000, 0x0000000081f00000| Untracked 
|  32|0x0000000082000000, 0x0000000082000000, 0x0000000082100000|  0%| F|  |TAMS 0x0000000082000000, 0x0000000082000000| Untracked 
|  33|0x0000000082100000, 0x0000000082100000, 0x0000000082200000|  0%| F|  |TAMS 0x0000000082100000, 0x0000000082100000| Untracked 
|  34|0x0000000082200000, 0x0000000082200000, 0x0000000082300000|  0%| F|  |TAMS 0x0000000082200000, 0x0000000082200000| Untracked 
|  35|0x0000000082300000, 0x0000000082300000, 0x0000000082400000|  0%| F|  |TAMS 0x0000000082300000, 0x0000000082300000| Untracked 
|  36|0x0000000082400000, 0x0000000082400000, 0x0000000082500000|  0%| F|  |TAMS 0x0000000082400000, 0x0000000082400000| Untracked 
|  37|0x0000000082500000, 0x0000000082500000, 0x0000000082600000|  0%| F|  |TAMS 0x0000000082500000, 0x0000000082500000| Untracked 
|  38|0x0000000082600000, 0x0000000082600000, 0x0000000082700000|  0%| F|  |TAMS 0x0000000082600000, 0x0000000082600000| Untracked 
|  39|0x0000000082700000, 0x0000000082700000, 0x0000000082800000|  0%| F|  |TAMS 0x0000000082700000, 0x0000000082700000| Untracked 
|  40|0x0000000082800000, 0x0000000082800000, 0x0000000082900000|  0%| F|  |TAMS 0x0000000082800000, 0x0000000082800000| Untracked 
|  41|0x0000000082900000, 0x0000000082900000, 0x0000000082a00000|  0%| F|  |TAMS 0x0000000082900000, 0x0000000082900000| Untracked 
|  42|0x0000000082a00000, 0x0000000082a00000, 0x0000000082b00000|  0%| F|  |TAMS 0x0000000082a00000, 0x0000000082a00000| Untracked 
|  43|0x0000000082b00000, 0x0000000082b00000, 0x0000000082c00000|  0%| F|  |TAMS 0x0000000082b00000, 0x0000000082b00000| Untracked 
|  44|0x0000000082c00000, 0x0000000082c00000, 0x0000000082d00000|  0%| F|  |TAMS 0x0000000082c00000, 0x0000000082c00000| Untracked 
|  45|0x0000000082d00000, 0x0000000082d00000, 0x0000000082e00000|  0%| F|  |TAMS 0x0000000082d00000, 0x0000000082d00000| Untracked 
|  46|0x0000000082e00000, 0x0000000082e00000, 0x0000000082f00000|  0%| F|  |TAMS 0x0000000082e00000, 0x0000000082e00000| Untracked 
|  47|0x0000000082f00000, 0x0000000082f00000, 0x0000000083000000|  0%| F|  |TAMS 0x0000000082f00000, 0x0000000082f00000| Untracked 
|  48|0x0000000083000000, 0x0000000083000000, 0x0000000083100000|  0%| F|  |TAMS 0x0000000083000000, 0x0000000083000000| Untracked 
|  49|0x0000000083100000, 0x0000000083100000, 0x0000000083200000|  0%| F|  |TAMS 0x0000000083100000, 0x0000000083100000| Untracked 
|  50|0x0000000083200000, 0x0000000083200000, 0x0000000083300000|  0%| F|  |TAMS 0x0000000083200000, 0x0000000083200000| Untracked 
|  51|0x0000000083300000, 0x0000000083300000, 0x0000000083400000|  0%| F|  |TAMS 0x0000000083300000, 0x0000000083300000| Untracked 
|  52|0x0000000083400000, 0x0000000083400000, 0x0000000083500000|  0%| F|  |TAMS 0x0000000083400000, 0x0000000083400000| Untracked 
|  53|0x0000000083500000, 0x0000000083500000, 0x0000000083600000|  0%| F|  |TAMS 0x0000000083500000, 0x0000000083500000| Untracked 
|  54|0x0000000083600000, 0x0000000083600000, 0x0000000083700000|  0%| F|  |TAMS 0x0000000083600000, 0x0000000083600000| Untracked 
|  55|0x0000000083700000, 0x0000000083700000, 0x0000000083800000|  0%| F|  |TAMS 0x0000000083700000, 0x0000000083700000| Untracked 
|  56|0x0000000083800000, 0x0000000083800000, 0x0000000083900000|  0%| F|  |TAMS 0x0000000083800000, 0x0000000083800000| Untracked 
|  57|0x0000000083900000, 0x0000000083900000, 0x0000000083a00000|  0%| F|  |TAMS 0x0000000083900000, 0x0000000083900000| Untracked 
|  58|0x0000000083a00000, 0x0000000083a00000, 0x0000000083b00000|  0%| F|  |TAMS 0x0000000083a00000, 0x0000000083a00000| Untracked 
|  59|0x0000000083b00000, 0x0000000083b00000, 0x0000000083c00000|  0%| F|  |TAMS 0x0000000083b00000, 0x0000000083b00000| Untracked 
|  60|0x0000000083c00000, 0x0000000083c00000, 0x0000000083d00000|  0%| F|  |TAMS 0x0000000083c00000, 0x0000000083c00000| Untracked 
|  61|0x0000000083d00000, 0x0000000083d00000, 0x0000000083e00000|  0%| F|  |TAMS 0x0000000083d00000, 0x0000000083d00000| Untracked 
|  62|0x0000000083e00000, 0x0000000083e00000, 0x0000000083f00000|  0%| F|  |TAMS 0x0000000083e00000, 0x0000000083e00000| Untracked 
|  63|0x0000000083f00000, 0x0000000083f00000, 0x0000000084000000|  0%| F|  |TAMS 0x0000000083f00000, 0x0000000083f00000| Untracked 
|  64|0x0000000084000000, 0x0000000084000000, 0x0000000084100000|  0%| F|  |TAMS 0x0000000084000000, 0x0000000084000000| Untracked 
|  65|0x0000000084100000, 0x0000000084100000, 0x0000000084200000|  0%| F|  |TAMS 0x0000000084100000, 0x0000000084100000| Untracked 
|  66|0x0000000084200000, 0x0000000084200000, 0x0000000084300000|  0%| F|  |TAMS 0x0000000084200000, 0x0000000084200000| Untracked 
|  67|0x0000000084300000, 0x0000000084300000, 0x0000000084400000|  0%| F|  |TAMS 0x0000000084300000, 0x0000000084300000| Untracked 
|  68|0x0000000084400000, 0x0000000084400000, 0x0000000084500000|  0%| F|  |TAMS 0x0000000084400000, 0x0000000084400000| Untracked 
|  69|0x0000000084500000, 0x0000000084500000, 0x0000000084600000|  0%| F|  |TAMS 0x0000000084500000, 0x0000000084500000| Untracked 
|  70|0x0000000084600000, 0x0000000084600000, 0x0000000084700000|  0%| F|  |TAMS 0x0000000084600000, 0x0000000084600000| Untracked 
|  71|0x0000000084700000, 0x0000000084700000, 0x0000000084800000|  0%| F|  |TAMS 0x0000000084700000, 0x0000000084700000| Untracked 
|  72|0x0000000084800000, 0x0000000084800000, 0x0000000084900000|  0%| F|  |TAMS 0x0000000084800000, 0x0000000084800000| Untracked 
|  73|0x0000000084900000, 0x0000000084900000, 0x0000000084a00000|  0%| F|  |TAMS 0x0000000084900000, 0x0000000084900000| Untracked 
|  74|0x0000000084a00000, 0x0000000084a00000, 0x0000000084b00000|  0%| F|  |TAMS 0x0000000084a00000, 0x0000000084a00000| Untracked 
|  75|0x0000000084b00000, 0x0000000084b00000, 0x0000000084c00000|  0%| F|  |TAMS 0x0000000084b00000, 0x0000000084b00000| Untracked 
|  76|0x0000000084c00000, 0x0000000084c00000, 0x0000000084d00000|  0%| F|  |TAMS 0x0000000084c00000, 0x0000000084c00000| Untracked 
|  77|0x0000000084d00000, 0x0000000084d00000, 0x0000000084e00000|  0%| F|  |TAMS 0x0000000084d00000, 0x0000000084d00000| Untracked 
|  78|0x0000000084e00000, 0x0000000084e00000, 0x0000000084f00000|  0%| F|  |TAMS 0x0000000084e00000, 0x0000000084e00000| Untracked 
|  79|0x0000000084f00000, 0x0000000084f00000, 0x0000000085000000|  0%| F|  |TAMS 0x0000000084f00000, 0x0000000084f00000| Untracked 
|  80|0x0000000085000000, 0x0000000085000000, 0x0000000085100000|  0%| F|  |TAMS 0x0000000085000000, 0x0000000085000000| Untracked 
|  81|0x0000000085100000, 0x0000000085100000, 0x0000000085200000|  0%| F|  |TAMS 0x0000000085100000, 0x0000000085100000| Untracked 
|  82|0x0000000085200000, 0x0000000085200000, 0x0000000085300000|  0%| F|  |TAMS 0x0000000085200000, 0x0000000085200000| Untracked 
|  83|0x0000000085300000, 0x0000000085300000, 0x0000000085400000|  0%| F|  |TAMS 0x0000000085300000, 0x0000000085300000| Untracked 
|  84|0x0000000085400000, 0x0000000085400000, 0x0000000085500000|  0%| F|  |TAMS 0x0000000085400000, 0x0000000085400000| Untracked 
|  85|0x0000000085500000, 0x0000000085500000, 0x0000000085600000|  0%| F|  |TAMS 0x0000000085500000, 0x0000000085500000| Untracked 
|  86|0x0000000085600000, 0x0000000085600000, 0x0000000085700000|  0%| F|  |TAMS 0x0000000085600000, 0x0000000085600000| Untracked 
|  87|0x0000000085700000, 0x0000000085700000, 0x0000000085800000|  0%| F|  |TAMS 0x0000000085700000, 0x0000000085700000| Untracked 
|  88|0x0000000085800000, 0x0000000085800000, 0x0000000085900000|  0%| F|  |TAMS 0x0000000085800000, 0x0000000085800000| Untracked 
|  89|0x0000000085900000, 0x0000000085900000, 0x0000000085a00000|  0%| F|  |TAMS 0x0000000085900000, 0x0000000085900000| Untracked 
|  90|0x0000000085a00000, 0x0000000085a00000, 0x0000000085b00000|  0%| F|  |TAMS 0x0000000085a00000, 0x0000000085a00000| Untracked 
|  91|0x0000000085b00000, 0x0000000085b00000, 0x0000000085c00000|  0%| F|  |TAMS 0x0000000085b00000, 0x0000000085b00000| Untracked 
|  92|0x0000000085c00000, 0x0000000085c00000, 0x0000000085d00000|  0%| F|  |TAMS 0x0000000085c00000, 0x0000000085c00000| Untracked 
|  93|0x0000000085d00000, 0x0000000085d00000, 0x0000000085e00000|  0%| F|  |TAMS 0x0000000085d00000, 0x0000000085d00000| Untracked 
|  94|0x0000000085e00000, 0x0000000085e00000, 0x0000000085f00000|  0%| F|  |TAMS 0x0000000085e00000, 0x0000000085e00000| Untracked 
|  95|0x0000000085f00000, 0x0000000085f2f130, 0x0000000086000000| 18%| S|CS|TAMS 0x0000000085f00000, 0x0000000085f00000| Complete 
|  96|0x0000000086000000, 0x0000000086100000, 0x0000000086100000|100%| S|CS|TAMS 0x0000000086000000, 0x0000000086000000| Complete 
|  97|0x0000000086100000, 0x0000000086200000, 0x0000000086200000|100%| S|CS|TAMS 0x0000000086100000, 0x0000000086100000| Complete 
|  98|0x0000000086200000, 0x0000000086300000, 0x0000000086300000|100%| S|CS|TAMS 0x0000000086200000, 0x0000000086200000| Complete 
|  99|0x0000000086300000, 0x0000000086400000, 0x0000000086400000|100%| S|CS|TAMS 0x0000000086300000, 0x0000000086300000| Complete 
| 100|0x0000000086400000, 0x0000000086400000, 0x0000000086500000|  0%| F|  |TAMS 0x0000000086400000, 0x0000000086400000| Untracked 
| 101|0x0000000086500000, 0x0000000086500000, 0x0000000086600000|  0%| F|  |TAMS 0x0000000086500000, 0x0000000086500000| Untracked 
| 102|0x0000000086600000, 0x0000000086600000, 0x0000000086700000|  0%| F|  |TAMS 0x0000000086600000, 0x0000000086600000| Untracked 
| 103|0x0000000086700000, 0x0000000086700000, 0x0000000086800000|  0%| F|  |TAMS 0x0000000086700000, 0x0000000086700000| Untracked 
| 104|0x0000000086800000, 0x0000000086800000, 0x0000000086900000|  0%| F|  |TAMS 0x0000000086800000, 0x0000000086800000| Untracked 
| 105|0x0000000086900000, 0x0000000086900000, 0x0000000086a00000|  0%| F|  |TAMS 0x0000000086900000, 0x0000000086900000| Untracked 
| 106|0x0000000086a00000, 0x0000000086a00000, 0x0000000086b00000|  0%| F|  |TAMS 0x0000000086a00000, 0x0000000086a00000| Untracked 
| 107|0x0000000086b00000, 0x0000000086b00000, 0x0000000086c00000|  0%| F|  |TAMS 0x0000000086b00000, 0x0000000086b00000| Untracked 
| 108|0x0000000086c00000, 0x0000000086c00000, 0x0000000086d00000|  0%| F|  |TAMS 0x0000000086c00000, 0x0000000086c00000| Untracked 
| 109|0x0000000086d00000, 0x0000000086d00000, 0x0000000086e00000|  0%| F|  |TAMS 0x0000000086d00000, 0x0000000086d00000| Untracked 
| 110|0x0000000086e00000, 0x0000000086e00000, 0x0000000086f00000|  0%| F|  |TAMS 0x0000000086e00000, 0x0000000086e00000| Untracked 
| 111|0x0000000086f00000, 0x0000000086f00000, 0x0000000087000000|  0%| F|  |TAMS 0x0000000086f00000, 0x0000000086f00000| Untracked 
| 112|0x0000000087000000, 0x0000000087000000, 0x0000000087100000|  0%| F|  |TAMS 0x0000000087000000, 0x0000000087000000| Untracked 
| 113|0x0000000087100000, 0x0000000087100000, 0x0000000087200000|  0%| F|  |TAMS 0x0000000087100000, 0x0000000087100000| Untracked 
| 114|0x0000000087200000, 0x0000000087200000, 0x0000000087300000|  0%| F|  |TAMS 0x0000000087200000, 0x0000000087200000| Untracked 
| 115|0x0000000087300000, 0x0000000087300000, 0x0000000087400000|  0%| F|  |TAMS 0x0000000087300000, 0x0000000087300000| Untracked 
| 116|0x0000000087400000, 0x0000000087400000, 0x0000000087500000|  0%| F|  |TAMS 0x0000000087400000, 0x0000000087400000| Untracked 
| 117|0x0000000087500000, 0x0000000087500000, 0x0000000087600000|  0%| F|  |TAMS 0x0000000087500000, 0x0000000087500000| Untracked 
| 118|0x0000000087600000, 0x0000000087600000, 0x0000000087700000|  0%| F|  |TAMS 0x0000000087600000, 0x0000000087600000| Untracked 
| 119|0x0000000087700000, 0x0000000087700000, 0x0000000087800000|  0%| F|  |TAMS 0x0000000087700000, 0x0000000087700000| Untracked 
| 120|0x0000000087800000, 0x0000000087800000, 0x0000000087900000|  0%| F|  |TAMS 0x0000000087800000, 0x0000000087800000| Untracked 
| 121|0x0000000087900000, 0x0000000087900000, 0x0000000087a00000|  0%| F|  |TAMS 0x0000000087900000, 0x0000000087900000| Untracked 
| 122|0x0000000087a00000, 0x0000000087a00000, 0x0000000087b00000|  0%| F|  |TAMS 0x0000000087a00000, 0x0000000087a00000| Untracked 
| 123|0x0000000087b00000, 0x0000000087b00000, 0x0000000087c00000|  0%| F|  |TAMS 0x0000000087b00000, 0x0000000087b00000| Untracked 
| 124|0x0000000087c00000, 0x0000000087c00000, 0x0000000087d00000|  0%| F|  |TAMS 0x0000000087c00000, 0x0000000087c00000| Untracked 
| 125|0x0000000087d00000, 0x0000000087d00000, 0x0000000087e00000|  0%| F|  |TAMS 0x0000000087d00000, 0x0000000087d00000| Untracked 
| 126|0x0000000087e00000, 0x0000000087e00000, 0x0000000087f00000|  0%| F|  |TAMS 0x0000000087e00000, 0x0000000087e00000| Untracked 
| 127|0x0000000087f00000, 0x0000000087f00000, 0x0000000088000000|  0%| F|  |TAMS 0x0000000087f00000, 0x0000000087f00000| Untracked 
| 128|0x0000000088000000, 0x0000000088000000, 0x0000000088100000|  0%| F|  |TAMS 0x0000000088000000, 0x0000000088000000| Untracked 
| 129|0x0000000088100000, 0x0000000088100000, 0x0000000088200000|  0%| F|  |TAMS 0x0000000088100000, 0x0000000088100000| Untracked 
| 130|0x0000000088200000, 0x0000000088200000, 0x0000000088300000|  0%| F|  |TAMS 0x0000000088200000, 0x0000000088200000| Untracked 
| 131|0x0000000088300000, 0x0000000088300000, 0x0000000088400000|  0%| F|  |TAMS 0x0000000088300000, 0x0000000088300000| Untracked 
| 132|0x0000000088400000, 0x0000000088400000, 0x0000000088500000|  0%| F|  |TAMS 0x0000000088400000, 0x0000000088400000| Untracked 
| 133|0x0000000088500000, 0x0000000088500000, 0x0000000088600000|  0%| F|  |TAMS 0x0000000088500000, 0x0000000088500000| Untracked 
| 134|0x0000000088600000, 0x0000000088600000, 0x0000000088700000|  0%| F|  |TAMS 0x0000000088600000, 0x0000000088600000| Untracked 
| 135|0x0000000088700000, 0x0000000088700000, 0x0000000088800000|  0%| F|  |TAMS 0x0000000088700000, 0x0000000088700000| Untracked 
| 136|0x0000000088800000, 0x0000000088800000, 0x0000000088900000|  0%| F|  |TAMS 0x0000000088800000, 0x0000000088800000| Untracked 
| 137|0x0000000088900000, 0x0000000088900000, 0x0000000088a00000|  0%| F|  |TAMS 0x0000000088900000, 0x0000000088900000| Untracked 
| 138|0x0000000088a00000, 0x0000000088a00000, 0x0000000088b00000|  0%| F|  |TAMS 0x0000000088a00000, 0x0000000088a00000| Untracked 
| 139|0x0000000088b00000, 0x0000000088b00000, 0x0000000088c00000|  0%| F|  |TAMS 0x0000000088b00000, 0x0000000088b00000| Untracked 
| 140|0x0000000088c00000, 0x0000000088c00000, 0x0000000088d00000|  0%| F|  |TAMS 0x0000000088c00000, 0x0000000088c00000| Untracked 
| 141|0x0000000088d00000, 0x0000000088d00000, 0x0000000088e00000|  0%| F|  |TAMS 0x0000000088d00000, 0x0000000088d00000| Untracked 
| 142|0x0000000088e00000, 0x0000000088e00000, 0x0000000088f00000|  0%| F|  |TAMS 0x0000000088e00000, 0x0000000088e00000| Untracked 
| 143|0x0000000088f00000, 0x0000000088f00000, 0x0000000089000000|  0%| F|  |TAMS 0x0000000088f00000, 0x0000000088f00000| Untracked 
| 144|0x0000000089000000, 0x0000000089000000, 0x0000000089100000|  0%| F|  |TAMS 0x0000000089000000, 0x0000000089000000| Untracked 
| 145|0x0000000089100000, 0x0000000089100000, 0x0000000089200000|  0%| F|  |TAMS 0x0000000089100000, 0x0000000089100000| Untracked 
| 146|0x0000000089200000, 0x0000000089200000, 0x0000000089300000|  0%| F|  |TAMS 0x0000000089200000, 0x0000000089200000| Untracked 
| 147|0x0000000089300000, 0x0000000089300000, 0x0000000089400000|  0%| F|  |TAMS 0x0000000089300000, 0x0000000089300000| Untracked 
| 148|0x0000000089400000, 0x0000000089400000, 0x0000000089500000|  0%| F|  |TAMS 0x0000000089400000, 0x0000000089400000| Untracked 
| 149|0x0000000089500000, 0x0000000089500000, 0x0000000089600000|  0%| F|  |TAMS 0x0000000089500000, 0x0000000089500000| Untracked 
| 150|0x0000000089600000, 0x0000000089600000, 0x0000000089700000|  0%| F|  |TAMS 0x0000000089600000, 0x0000000089600000| Untracked 
| 151|0x0000000089700000, 0x0000000089700000, 0x0000000089800000|  0%| F|  |TAMS 0x0000000089700000, 0x0000000089700000| Untracked 
| 152|0x0000000089800000, 0x0000000089800000, 0x0000000089900000|  0%| F|  |TAMS 0x0000000089800000, 0x0000000089800000| Untracked 
| 153|0x0000000089900000, 0x0000000089900000, 0x0000000089a00000|  0%| F|  |TAMS 0x0000000089900000, 0x0000000089900000| Untracked 
| 154|0x0000000089a00000, 0x0000000089a00000, 0x0000000089b00000|  0%| F|  |TAMS 0x0000000089a00000, 0x0000000089a00000| Untracked 
| 155|0x0000000089b00000, 0x0000000089b00000, 0x0000000089c00000|  0%| F|  |TAMS 0x0000000089b00000, 0x0000000089b00000| Untracked 
| 156|0x0000000089c00000, 0x0000000089c00000, 0x0000000089d00000|  0%| F|  |TAMS 0x0000000089c00000, 0x0000000089c00000| Untracked 
| 157|0x0000000089d00000, 0x0000000089d00000, 0x0000000089e00000|  0%| F|  |TAMS 0x0000000089d00000, 0x0000000089d00000| Untracked 
| 158|0x0000000089e00000, 0x0000000089e00000, 0x0000000089f00000|  0%| F|  |TAMS 0x0000000089e00000, 0x0000000089e00000| Untracked 
| 159|0x0000000089f00000, 0x0000000089f00000, 0x000000008a000000|  0%| F|  |TAMS 0x0000000089f00000, 0x0000000089f00000| Untracked 
| 160|0x000000008a000000, 0x000000008a000000, 0x000000008a100000|  0%| F|  |TAMS 0x000000008a000000, 0x000000008a000000| Untracked 
| 161|0x000000008a100000, 0x000000008a100000, 0x000000008a200000|  0%| F|  |TAMS 0x000000008a100000, 0x000000008a100000| Untracked 
| 162|0x000000008a200000, 0x000000008a200000, 0x000000008a300000|  0%| F|  |TAMS 0x000000008a200000, 0x000000008a200000| Untracked 
| 163|0x000000008a300000, 0x000000008a300000, 0x000000008a400000|  0%| F|  |TAMS 0x000000008a300000, 0x000000008a300000| Untracked 
| 164|0x000000008a400000, 0x000000008a400000, 0x000000008a500000|  0%| F|  |TAMS 0x000000008a400000, 0x000000008a400000| Untracked 
| 165|0x000000008a500000, 0x000000008a500000, 0x000000008a600000|  0%| F|  |TAMS 0x000000008a500000, 0x000000008a500000| Untracked 
| 166|0x000000008a600000, 0x000000008a600000, 0x000000008a700000|  0%| F|  |TAMS 0x000000008a600000, 0x000000008a600000| Untracked 
| 167|0x000000008a700000, 0x000000008a700000, 0x000000008a800000|  0%| F|  |TAMS 0x000000008a700000, 0x000000008a700000| Untracked 
| 168|0x000000008a800000, 0x000000008a800000, 0x000000008a900000|  0%| F|  |TAMS 0x000000008a800000, 0x000000008a800000| Untracked 
| 169|0x000000008a900000, 0x000000008a900000, 0x000000008aa00000|  0%| F|  |TAMS 0x000000008a900000, 0x000000008a900000| Untracked 
| 170|0x000000008aa00000, 0x000000008aa00000, 0x000000008ab00000|  0%| F|  |TAMS 0x000000008aa00000, 0x000000008aa00000| Untracked 
| 171|0x000000008ab00000, 0x000000008ab00000, 0x000000008ac00000|  0%| F|  |TAMS 0x000000008ab00000, 0x000000008ab00000| Untracked 
| 172|0x000000008ac00000, 0x000000008ac00000, 0x000000008ad00000|  0%| F|  |TAMS 0x000000008ac00000, 0x000000008ac00000| Untracked 
| 173|0x000000008ad00000, 0x000000008ad00000, 0x000000008ae00000|  0%| F|  |TAMS 0x000000008ad00000, 0x000000008ad00000| Untracked 
| 174|0x000000008ae00000, 0x000000008ae00000, 0x000000008af00000|  0%| F|  |TAMS 0x000000008ae00000, 0x000000008ae00000| Untracked 
| 175|0x000000008af00000, 0x000000008af00000, 0x000000008b000000|  0%| F|  |TAMS 0x000000008af00000, 0x000000008af00000| Untracked 
| 176|0x000000008b000000, 0x000000008b000000, 0x000000008b100000|  0%| F|  |TAMS 0x000000008b000000, 0x000000008b000000| Untracked 
| 177|0x000000008b100000, 0x000000008b100000, 0x000000008b200000|  0%| F|  |TAMS 0x000000008b100000, 0x000000008b100000| Untracked 
| 178|0x000000008b200000, 0x000000008b200000, 0x000000008b300000|  0%| F|  |TAMS 0x000000008b200000, 0x000000008b200000| Untracked 
| 179|0x000000008b300000, 0x000000008b3dc8b0, 0x000000008b400000| 86%| E|  |TAMS 0x000000008b300000, 0x000000008b300000| Complete 
| 180|0x000000008b400000, 0x000000008b500000, 0x000000008b500000|100%| E|CS|TAMS 0x000000008b400000, 0x000000008b400000| Complete 
| 181|0x000000008b500000, 0x000000008b600000, 0x000000008b600000|100%| E|CS|TAMS 0x000000008b500000, 0x000000008b500000| Complete 
| 182|0x000000008b600000, 0x000000008b700000, 0x000000008b700000|100%| E|CS|TAMS 0x000000008b600000, 0x000000008b600000| Complete 
| 183|0x000000008b700000, 0x000000008b800000, 0x000000008b800000|100%| E|CS|TAMS 0x000000008b700000, 0x000000008b700000| Complete 
| 184|0x000000008b800000, 0x000000008b900000, 0x000000008b900000|100%| E|CS|TAMS 0x000000008b800000, 0x000000008b800000| Complete 
| 185|0x000000008b900000, 0x000000008ba00000, 0x000000008ba00000|100%| E|CS|TAMS 0x000000008b900000, 0x000000008b900000| Complete 
| 186|0x000000008ba00000, 0x000000008bb00000, 0x000000008bb00000|100%| E|CS|TAMS 0x000000008ba00000, 0x000000008ba00000| Complete 
| 187|0x000000008bb00000, 0x000000008bc00000, 0x000000008bc00000|100%| E|CS|TAMS 0x000000008bb00000, 0x000000008bb00000| Complete 
| 188|0x000000008bc00000, 0x000000008bd00000, 0x000000008bd00000|100%| E|CS|TAMS 0x000000008bc00000, 0x000000008bc00000| Complete 
| 189|0x000000008bd00000, 0x000000008be00000, 0x000000008be00000|100%| E|CS|TAMS 0x000000008bd00000, 0x000000008bd00000| Complete 

Card table byte_map: [0x0000021a6bf40000,0x0000021a6c340000] _byte_map_base: 0x0000021a6bb40000

Marking Bits (Prev, Next): (CMBitMap*) 0x0000021a58d51510, (CMBitMap*) 0x0000021a58d514d8
 Prev Bits: [0x0000021a6e740000, 0x0000021a70740000)
 Next Bits: [0x0000021a6c740000, 0x0000021a6e740000)

Polling page: 0x0000021a584f0000

Metaspace:

Usage:
  Non-class:     28.21 MB capacity,    27.69 MB ( 98%) used,   456.10 KB (  2%) free+waste,    76.25 KB ( <1%) overhead. 
      Class:      4.54 MB capacity,     4.23 MB ( 93%) used,   283.23 KB (  6%) free+waste,    38.25 KB ( <1%) overhead. 
       Both:     32.75 MB capacity,    31.92 MB ( 97%) used,   739.34 KB (  2%) free+waste,   114.50 KB ( <1%) overhead. 

Virtual space:
  Non-class space:       30.00 MB reserved,      28.42 MB ( 95%) committed 
      Class space:        1.00 GB reserved,       4.57 MB ( <1%) committed 
             Both:        1.03 GB reserved,      33.00 MB (  3%) committed 

Chunk freelists:
   Non-Class:  20.00 KB
       Class:  0 bytes
        Both:  20.00 KB

MaxMetaspaceSize: 17179869184.00 GB
CompressedClassSpaceSize: 1.00 GB

CodeHeap 'non-profiled nmethods': size=120000Kb used=1424Kb max_used=1424Kb free=118575Kb
 bounds [0x0000021a642e0000, 0x0000021a64550000, 0x0000021a6b810000]
CodeHeap 'profiled nmethods': size=120000Kb used=5997Kb max_used=5997Kb free=114002Kb
 bounds [0x0000021a5cdb0000, 0x0000021a5d390000, 0x0000021a642e0000]
CodeHeap 'non-nmethods': size=5760Kb used=1179Kb max_used=1226Kb free=4580Kb
 bounds [0x0000021a5c810000, 0x0000021a5ca80000, 0x0000021a5cdb0000]
 total_blobs=3351 nmethods=2840 adapters=422
 compilation: enabled
              stopped_count=0, restarted_count=0
 full_count=0

Compilation events (20 events):
Event: 15.833 Thread 0x0000021a73a40800 2826       3       org.codehaus.groovy.util.FastArray::add (71 bytes)
Event: 15.833 Thread 0x0000021a73a40800 nmethod 2826 0x0000021a5d381a90 code [0x0000021a5d381c80, 0x0000021a5d382188]
Event: 15.834 Thread 0x0000021a73a40800 2827       3       java.lang.ReflectiveOperationException::<init> (6 bytes)
Event: 15.835 Thread 0x0000021a73a40800 nmethod 2827 0x0000021a5d382310 code [0x0000021a5d3824e0, 0x0000021a5d382668]
Event: 15.839 Thread 0x0000021a73a40800 2829       3       java.lang.ClassValue$Entry::version (8 bytes)
Event: 15.839 Thread 0x0000021a73a40800 nmethod 2829 0x0000021a5d382710 code [0x0000021a5d3828c0, 0x0000021a5d382b58]
Event: 15.839 Thread 0x0000021a73a40800 2828       1       java.lang.ClassValue::version (5 bytes)
Event: 15.839 Thread 0x0000021a73a40800 nmethod 2828 0x0000021a64443890 code [0x0000021a64443a40, 0x0000021a64443af8]
Event: 15.841 Thread 0x0000021a73a40800 2830       3       java.lang.ClassValue$Entry::value (9 bytes)
Event: 15.841 Thread 0x0000021a73a40800 nmethod 2830 0x0000021a5d382c10 code [0x0000021a5d382dc0, 0x0000021a5d382f38]
Event: 15.841 Thread 0x0000021a73a40800 2831       3       java.lang.ClassValue$Entry::assertNotPromise (22 bytes)
Event: 15.841 Thread 0x0000021a73a40800 nmethod 2831 0x0000021a5d383010 code [0x0000021a5d3831c0, 0x0000021a5d3832d8]
Event: 15.842 Thread 0x0000021a73a40800 2832       3       java.lang.PublicMethods$MethodList::getMostSpecific (63 bytes)
Event: 15.842 Thread 0x0000021a73a40800 nmethod 2832 0x0000021a5d383390 code [0x0000021a5d383560, 0x0000021a5d383868]
Event: 15.846 Thread 0x0000021a73a40800 2833       3       org.codehaus.groovy.util.ManagedReference::<init> (40 bytes)
Event: 15.847 Thread 0x0000021a73a40800 nmethod 2833 0x0000021a5d383a10 code [0x0000021a5d383c00, 0x0000021a5d384098]
Event: 15.847 Thread 0x0000021a73a40800 2834       3       org.codehaus.groovy.util.ManagedReference::<init> (14 bytes)
Event: 15.847 Thread 0x0000021a73a40800 nmethod 2834 0x0000021a5d384210 code [0x0000021a5d3843e0, 0x0000021a5d384568]
Event: 15.847 Thread 0x0000021a73a40800 2835       3       org.codehaus.groovy.util.ReferenceManager$1::afterReferenceCreation (57 bytes)
Event: 15.848 Thread 0x0000021a73a40800 nmethod 2835 0x0000021a5d384690 code [0x0000021a5d384880, 0x0000021a5d384c98]

GC Heap History (8 events):
Event: 1.175 GC heap before
{Heap before GC invocations=0 (full 0):
 garbage-first heap   total 194560K, used 29696K [0x0000000080000000, 0x0000000100000000)
  region size 1024K, 24 young (24576K), 0 survivors (0K)
 Metaspace       used 10271K, capacity 10495K, committed 10624K, reserved 1058816K
  class space    used 1072K, capacity 1141K, committed 1152K, reserved 1048576K
}
Event: 1.181 GC heap after
{Heap after GC invocations=1 (full 0):
 garbage-first heap   total 194560K, used 9354K [0x0000000080000000, 0x0000000100000000)
  region size 1024K, 3 young (3072K), 3 survivors (3072K)
 Metaspace       used 10271K, capacity 10495K, committed 10624K, reserved 1058816K
  class space    used 1072K, capacity 1141K, committed 1152K, reserved 1048576K
}
Event: 9.464 GC heap before
{Heap before GC invocations=1 (full 0):
 garbage-first heap   total 194560K, used 105610K [0x0000000080000000, 0x0000000100000000)
  region size 1024K, 98 young (100352K), 3 survivors (3072K)
 Metaspace       used 20797K, capacity 21176K, committed 21296K, reserved 1069056K
  class space    used 2525K, capacity 2674K, committed 2688K, reserved 1048576K
}
Event: 9.487 GC heap after
{Heap after GC invocations=2 (full 0):
 garbage-first heap   total 194560K, used 17064K [0x0000000080000000, 0x0000000100000000)
  region size 1024K, 11 young (11264K), 11 survivors (11264K)
 Metaspace       used 20797K, capacity 21176K, committed 21296K, reserved 1069056K
  class space    used 2525K, capacity 2674K, committed 2688K, reserved 1048576K
}
Event: 9.856 GC heap before
{Heap before GC invocations=3 (full 0):
 garbage-first heap   total 194560K, used 28328K [0x0000000080000000, 0x0000000100000000)
  region size 1024K, 22 young (22528K), 11 survivors (11264K)
 Metaspace       used 22136K, capacity 22694K, committed 22908K, reserved 1069056K
  class space    used 2765K, capacity 2930K, committed 3020K, reserved 1048576K
}
Event: 9.873 GC heap after
{Heap after GC invocations=4 (full 0):
 garbage-first heap   total 194560K, used 18400K [0x0000000080000000, 0x0000000100000000)
  region size 1024K, 1 young (1024K), 1 survivors (1024K)
 Metaspace       used 22136K, capacity 22694K, committed 22908K, reserved 1069056K
  class space    used 2765K, capacity 2930K, committed 3020K, reserved 1048576K
}
Event: 15.096 GC heap before
{Heap before GC invocations=4 (full 0):
 garbage-first heap   total 194560K, used 114656K [0x0000000080000000, 0x0000000100000000)
  region size 1024K, 90 young (92160K), 1 survivors (1024K)
 Metaspace       used 30568K, capacity 31402K, committed 31484K, reserved 1077248K
  class space    used 4090K, capacity 4382K, committed 4428K, reserved 1048576K
}
Event: 15.101 GC heap after
{Heap after GC invocations=5 (full 0):
 garbage-first heap   total 194560K, used 26896K [0x0000000080000000, 0x0000000100000000)
  region size 1024K, 5 young (5120K), 5 survivors (5120K)
 Metaspace       used 30568K, capacity 31402K, committed 31484K, reserved 1077248K
  class space    used 4090K, capacity 4382K, committed 4428K, reserved 1048576K
}

Deoptimization events (20 events):
Event: 15.157 Thread 0x0000021a75b4b000 Uncommon trap: trap_request=0xffffff4d fr.pc=0x0000021a643b8b30 relative=0x0000000000000230
Event: 15.157 Thread 0x0000021a75b4b000 Uncommon trap: reason=unstable_if action=reinterpret pc=0x0000021a643b8b30 method=java.util.HashMap.putVal(ILjava/lang/Object;Ljava/lang/Object;ZZ)Ljava/lang/Object; @ 162 c2
Event: 15.157 Thread 0x0000021a75b4b000 DEOPT PACKING pc=0x0000021a643b8b30 sp=0x00000031191faa50
Event: 15.157 Thread 0x0000021a75b4b000 DEOPT UNPACKING pc=0x0000021a5c8183af sp=0x00000031191fa960 mode 2
Event: 15.332 Thread 0x0000021a75b4b000 Uncommon trap: trap_request=0xffffffc6 fr.pc=0x0000021a6440a520 relative=0x00000000000005a0
Event: 15.333 Thread 0x0000021a75b4b000 Uncommon trap: reason=bimorphic_or_optimized_type_check action=maybe_recompile pc=0x0000021a6440a520 method=java.io.BufferedInputStream.read([BII)I @ 101 c2
Event: 15.333 Thread 0x0000021a75b4b000 DEOPT PACKING pc=0x0000021a6440a520 sp=0x00000031191f96e0
Event: 15.333 Thread 0x0000021a75b4b000 DEOPT UNPACKING pc=0x0000021a5c8183af sp=0x00000031191f9698 mode 2
Event: 15.333 Thread 0x0000021a75b4b000 Uncommon trap: trap_request=0xffffffc6 fr.pc=0x0000021a6440a520 relative=0x00000000000005a0
Event: 15.333 Thread 0x0000021a75b4b000 Uncommon trap: reason=bimorphic_or_optimized_type_check action=maybe_recompile pc=0x0000021a6440a520 method=java.io.BufferedInputStream.read([BII)I @ 101 c2
Event: 15.333 Thread 0x0000021a75b4b000 DEOPT PACKING pc=0x0000021a6440a520 sp=0x00000031191f96e0
Event: 15.333 Thread 0x0000021a75b4b000 DEOPT UNPACKING pc=0x0000021a5c8183af sp=0x00000031191f9698 mode 2
Event: 15.334 Thread 0x0000021a75b4b000 Uncommon trap: trap_request=0xffffffc6 fr.pc=0x0000021a6440a520 relative=0x00000000000005a0
Event: 15.334 Thread 0x0000021a75b4b000 Uncommon trap: reason=bimorphic_or_optimized_type_check action=maybe_recompile pc=0x0000021a6440a520 method=java.io.BufferedInputStream.read([BII)I @ 101 c2
Event: 15.334 Thread 0x0000021a75b4b000 DEOPT PACKING pc=0x0000021a6440a520 sp=0x00000031191f96e0
Event: 15.334 Thread 0x0000021a75b4b000 DEOPT UNPACKING pc=0x0000021a5c8183af sp=0x00000031191f9698 mode 2
Event: 15.336 Thread 0x0000021a75b4b000 Uncommon trap: trap_request=0xffffffc6 fr.pc=0x0000021a6440a520 relative=0x00000000000005a0
Event: 15.336 Thread 0x0000021a75b4b000 Uncommon trap: reason=bimorphic_or_optimized_type_check action=maybe_recompile pc=0x0000021a6440a520 method=java.io.BufferedInputStream.read([BII)I @ 101 c2
Event: 15.336 Thread 0x0000021a75b4b000 DEOPT PACKING pc=0x0000021a6440a520 sp=0x00000031191f96e0
Event: 15.336 Thread 0x0000021a75b4b000 DEOPT UNPACKING pc=0x0000021a5c8183af sp=0x00000031191f9698 mode 2

Classes redefined (0 events):
No events

Internal exceptions (20 events):
Event: 12.369 Thread 0x0000021a75b4b000 Exception <a 'java/lang/NoSuchMethodError'{0x0000000088ea60a8}: <clinit>> (0x0000000088ea60a8) thrown at [./src/hotspot/share/prims/jni.cpp, line 1362]
Event: 12.369 Thread 0x0000021a75b4b000 Exception <a 'java/lang/NoSuchMethodError'{0x0000000088ea7338}: <clinit>> (0x0000000088ea7338) thrown at [./src/hotspot/share/prims/jni.cpp, line 1362]
Event: 12.575 Thread 0x0000021a75b4b000 Exception <a 'java/lang/NoSuchMethodError'{0x000000008844c950}: 'java.lang.Object java.lang.invoke.DirectMethodHandle$Holder.invokeSpecialIFC(java.lang.Object, java.lang.Object, java.lang.Object, java.lang.Object)'> (0x000000008844c950) thrown at [./src/hotspot/share/interpreter/linkResolver.cpp, line 773]
Event: 12.596 Thread 0x0000021a75b4b000 Exception <a 'java/lang/NoSuchMethodError'{0x0000000088327648}: 'java.lang.Object java.lang.invoke.DirectMethodHandle$Holder.invokeSpecial(java.lang.Object, java.lang.Object, java.lang.Object, java.lang.Object, java.lang.Object, java.lang.Object, java.lang.Object, java.lang.Object, java.lang.Object, java.lang.Object, java.lang.Object, java.lang.Object, java.lang.Object)'> (0x0000000088327648) thrown at [./src/hotspot/share/interpreter/linkResolver.cpp, line 773]
Event: 12.598 Thread 0x0000021a75b4b000 Exception <a 'java/lang/NoSuchMethodError'{0x00000000883384a8}: 'java.lang.Object java.lang.invoke.DirectMethodHandle$Holder.invokeSpecial(java.lang.Object, java.lang.Object, java.lang.Object, java.lang.Object, java.lang.Object, java.lang.Object, java.lang.Object, java.lang.Object, java.lang.Object, java.lang.Object, java.lang.Object, java.lang.Object)'> (0x00000000883384a8) thrown at [./src/hotspot/share/interpreter/linkResolver.cpp, line 773]
Event: 12.599 Thread 0x0000021a75b4b000 Exception <a 'java/lang/NoSuchMethodError'{0x000000008833d5d0}: 'java.lang.Object java.lang.invoke.Invokers$Holder.linkToTargetMethod(java.lang.Object, java.lang.Object, java.lang.Object, java.lang.Object, java.lang.Object, java.lang.Object, java.lang.Object, java.lang.Object, java.lang.Object, java.lang.Object, java.lang.Object)'> (0x000000008833d5d0) thrown at [./src/hotspot/share/interpreter/linkResolver.cpp, line 773]
Event: 12.620 Thread 0x0000021a75b4b000 Exception <a 'java/lang/NoSuchMethodError'{0x000000008827d7a8}: 'java.lang.Object java.lang.invoke.DirectMethodHandle$Holder.invokeSpecial(java.lang.Object, java.lang.Object, java.lang.Object, java.lang.Object, java.lang.Object, java.lang.Object, java.lang.Object, java.lang.Object, java.lang.Object, java.lang.Object, java.lang.Object, java.lang.Object, java.lang.Object, java.lang.Object)'> (0x000000008827d7a8) thrown at [./src/hotspot/share/interpreter/linkResolver.cpp, line 773]
Event: 12.622 Thread 0x0000021a75b4b000 Exception <a 'java/lang/NoSuchMethodError'{0x000000008828f070}: 'java.lang.Object java.lang.invoke.Invokers$Holder.linkToTargetMethod(java.lang.Object, java.lang.Object, java.lang.Object, java.lang.Object, java.lang.Object, java.lang.Object, java.lang.Object, java.lang.Object, java.lang.Object, java.lang.Object, java.lang.Object, java.lang.Object)'> (0x000000008828f070) thrown at [./src/hotspot/share/interpreter/linkResolver.cpp, line 773]
Event: 12.634 Thread 0x0000021a75b4b000 Exception <a 'java/lang/NoSuchMethodError'{0x0000000088120d28}: 'java.lang.Object java.lang.invoke.DirectMethodHandle$Holder.invokeStaticInit(java.lang.Object, java.lang.Object, java.lang.Object, java.lang.Object)'> (0x0000000088120d28) thrown at [./src/hotspot/share/interpreter/linkResolver.cpp, line 773]
Event: 12.774 Thread 0x0000021a75b4b000 Implicit null exception at 0x0000021a643c4af5 to 0x0000021a643c4cbc
Event: 12.774 Thread 0x0000021a75b4b000 Implicit null exception at 0x0000021a6438e82f to 0x0000021a6438e89d
Event: 14.710 Thread 0x0000021a75b4b000 Exception <a 'java/lang/NoSuchMethodError'{0x00000000870b7ea8}: 'java.lang.Object java.lang.invoke.Invokers$Holder.linkToTargetMethod(java.lang.Object, java.lang.Object, java.lang.Object, java.lang.Object, java.lang.Object, java.lang.Object, java.lang.Object, java.lang.Object)'> (0x00000000870b7ea8) thrown at [./src/hotspot/share/interpreter/linkResolver.cpp, line 773]
Event: 14.716 Thread 0x0000021a75b4b000 Exception <a 'java/lang/NoSuchMethodError'{0x00000000870ec458}: 'java.lang.Object java.lang.invoke.DirectMethodHandle$Holder.invokeVirtual(java.lang.Object, java.lang.Object, java.lang.Object)'> (0x00000000870ec458) thrown at [./src/hotspot/share/interpreter/linkResolver.cpp, line 773]
Event: 14.744 Thread 0x0000021a75b4b000 Exception <a 'java/lang/NoSuchMethodError'{0x0000000086fc3f18}: 'java.lang.Object java.lang.invoke.Invokers$Holder.linkToTargetMethod(java.lang.Object, java.lang.Object, java.lang.Object, java.lang.Object, java.lang.Object, java.lang.Object, java.lang.Object)'> (0x0000000086fc3f18) thrown at [./src/hotspot/share/interpreter/linkResolver.cpp, line 773]
Event: 14.750 Thread 0x0000021a75b4b000 Exception <a 'java/lang/IncompatibleClassChangeError'{0x0000000086e02d98}: Found class java.lang.Object, but interface was expected> (0x0000000086e02d98) thrown at [./src/hotspot/share/interpreter/linkResolver.cpp, line 839]
Event: 14.891 Thread 0x0000021a75b4b000 Exception <a 'java/lang/NoSuchMethodError'{0x0000000086bf1c58}: 'int java.lang.invoke.DirectMethodHandle$Holder.invokeVirtual(java.lang.Object, java.lang.Object)'> (0x0000000086bf1c58) thrown at [./src/hotspot/share/interpreter/linkResolver.cpp, line 773]
Event: 15.469 Thread 0x0000021a75b4b000 Exception <a 'java/lang/NoSuchMethodError'{0x000000008b5cc340}: 'void java.lang.invoke.DirectMethodHandle$Holder.invokeStaticInit(java.lang.Object, java.lang.Object, java.lang.Object)'> (0x000000008b5cc340) thrown at [./src/hotspot/share/interpreter/linkResolver.cpp, line 773]
Event: 15.471 Thread 0x0000021a75b4b000 Exception <a 'java/lang/NoSuchMethodError'{0x000000008b5d3118}: 'void java.lang.invoke.DirectMethodHandle$Holder.invokeStaticInit(java.lang.Object, java.lang.Object, java.lang.Object, java.lang.Object)'> (0x000000008b5d3118) thrown at [./src/hotspot/share/interpreter/linkResolver.cpp, line 773]
Event: 15.522 Thread 0x0000021a75b4b000 Exception <a 'java/lang/NoSuchMethodError'{0x000000008b5f5770}: 'void java.lang.invoke.DirectMethodHandle$Holder.invokeStaticInit(java.lang.Object, java.lang.Object, java.lang.Object, java.lang.Object, java.lang.Object)'> (0x000000008b5f5770) thrown at [./src/hotspot/share/interpreter/linkResolver.cpp, line 773]
Event: 15.807 Thread 0x0000021a75b4b000 Exception <a 'java/lang/NoSuchMethodError'{0x000000008b454958}: 'int java.lang.invoke.DirectMethodHandle$Holder.invokeStaticInit(java.lang.Object, java.lang.Object, java.lang.Object, java.lang.Object)'> (0x000000008b454958) thrown at [./src/hotspot/share/interpreter/linkResolver.cpp, line 773]

Events (20 events):
Event: 15.450 loading class java/lang/IllegalCallerException
Event: 15.450 loading class java/lang/IllegalCallerException done
Event: 15.452 loading class org/codehaus/groovy/vmplugin/v8/PluginDefaultGroovyMethods
Event: 15.452 loading class org/codehaus/groovy/vmplugin/v8/PluginDefaultGroovyMethods done
Event: 15.453 loading class org/codehaus/groovy/runtime/DefaultGroovyMethodsSupport
Event: 15.453 loading class org/codehaus/groovy/runtime/DefaultGroovyMethodsSupport done
Event: 15.457 loading class jdk/internal/module/SystemModules$all
Event: 15.461 loading class jdk/internal/module/SystemModules$all done
Event: 15.466 loading class java/util/Spliterators$IteratorSpliterator
Event: 15.468 loading class java/util/Spliterators$IteratorSpliterator done
Event: 15.543 Thread 0x0000021a76ca3000 Thread added: 0x0000021a76ca3000
Event: 15.716 Thread 0x0000021a76c1d800 Thread added: 0x0000021a76c1d800
Event: 15.803 loading class org/codehaus/groovy/reflection/ReflectionUtils$ClassContextHelper
Event: 15.803 loading class org/codehaus/groovy/reflection/ReflectionUtils$ClassContextHelper done
Event: 15.820 loading class org/codehaus/groovy/reflection/CachedMethod$MyComparator
Event: 15.820 loading class org/codehaus/groovy/reflection/CachedMethod$MyComparator done
Event: 15.824 loading class org/codehaus/groovy/reflection/CachedClass$CachedMethodComparatorByName
Event: 15.824 loading class org/codehaus/groovy/reflection/CachedClass$CachedMethodComparatorByName done
Event: 15.830 loading class java/lang/ClassFormatError
Event: 15.830 loading class java/lang/ClassFormatError done


Dynamic libraries:
0x00007ff65e710000 - 0x00007ff65e71a000 	E:\Android Studio Patch1\jre\bin\java.exe
0x00007ff9ed000000 - 0x00007ff9ed209000 	C:\WINDOWS\SYSTEM32\ntdll.dll
0x00007ff9ec730000 - 0x00007ff9ec7ed000 	C:\WINDOWS\System32\KERNEL32.DLL
0x00007ff9ea9b0000 - 0x00007ff9ead24000 	C:\WINDOWS\System32\KERNELBASE.dll
0x00007ff9ea7f0000 - 0x00007ff9ea901000 	C:\WINDOWS\System32\ucrtbase.dll
0x00007ff9b5aa0000 - 0x00007ff9b5ab9000 	E:\Android Studio Patch1\jre\bin\jli.dll
0x00007ff9b5bd0000 - 0x00007ff9b5be7000 	E:\Android Studio Patch1\jre\bin\VCRUNTIME140.dll
0x00007ff9eb190000 - 0x00007ff9eb33c000 	C:\WINDOWS\System32\USER32.dll
0x00007ff9ea910000 - 0x00007ff9ea936000 	C:\WINDOWS\System32\win32u.dll
0x00007ff9ec850000 - 0x00007ff9ec879000 	C:\WINDOWS\System32\GDI32.dll
0x00007ff9ea6d0000 - 0x00007ff9ea7e2000 	C:\WINDOWS\System32\gdi32full.dll
0x00007ff9ea630000 - 0x00007ff9ea6cd000 	C:\WINDOWS\System32\msvcp_win.dll
0x00007ff9c9440000 - 0x00007ff9c96e5000 	C:\WINDOWS\WinSxS\amd64_microsoft.windows.common-controls_6595b64144ccf1df_6.0.22000.120_none_9d947278b86cc467\COMCTL32.dll
0x00007ff9ecc70000 - 0x00007ff9ecd13000 	C:\WINDOWS\System32\msvcrt.dll
0x00007ff9ec2d0000 - 0x00007ff9ec301000 	C:\WINDOWS\System32\IMM32.DLL
0x00007ff9873e0000 - 0x00007ff98747d000 	E:\Android Studio Patch1\jre\bin\msvcp140.dll
0x00007ff9a19a0000 - 0x00007ff9a2475000 	E:\Android Studio Patch1\jre\bin\server\jvm.dll
0x00007ff9ec660000 - 0x00007ff9ec70e000 	C:\WINDOWS\System32\ADVAPI32.dll
0x00007ff9eb5a0000 - 0x00007ff9eb63e000 	C:\WINDOWS\System32\sechost.dll
0x00007ff9ecd20000 - 0x00007ff9ece40000 	C:\WINDOWS\System32\RPCRT4.dll
0x00007ff9eafc0000 - 0x00007ff9eafc8000 	C:\WINDOWS\System32\PSAPI.DLL
0x00007ff9ccd00000 - 0x00007ff9ccd09000 	C:\WINDOWS\SYSTEM32\WSOCK32.dll
0x00007ff9e4600000 - 0x00007ff9e460a000 	C:\WINDOWS\SYSTEM32\VERSION.dll
0x00007ff9e5530000 - 0x00007ff9e5563000 	C:\WINDOWS\SYSTEM32\WINMM.dll
0x00007ff9eb340000 - 0x00007ff9eb3af000 	C:\WINDOWS\System32\WS2_32.dll
0x00007ff9e95b0000 - 0x00007ff9e95c8000 	C:\WINDOWS\SYSTEM32\kernel.appcore.dll
0x00007ff9c73c0000 - 0x00007ff9c73d1000 	E:\Android Studio Patch1\jre\bin\verify.dll
0x00007ff9d3dc0000 - 0x00007ff9d3fe1000 	C:\WINDOWS\SYSTEM32\DBGHELP.DLL
0x00007ff9cda90000 - 0x00007ff9cdac1000 	C:\WINDOWS\SYSTEM32\dbgcore.DLL
0x00007ff9ea4f0000 - 0x00007ff9ea56f000 	C:\WINDOWS\System32\bcryptPrimitives.dll
0x00007ff9c72d0000 - 0x00007ff9c72f9000 	E:\Android Studio Patch1\jre\bin\java.dll
0x00007ff9cb0c0000 - 0x00007ff9cb0cb000 	E:\Android Studio Patch1\jre\bin\jimage.dll
0x00007ff9c71c0000 - 0x00007ff9c71d8000 	E:\Android Studio Patch1\jre\bin\zip.dll
0x00007ff9eb6a0000 - 0x00007ff9ebe4e000 	C:\WINDOWS\System32\SHELL32.dll
0x00007ff9e8620000 - 0x00007ff9e8e88000 	C:\WINDOWS\SYSTEM32\windows.storage.dll
0x00007ff9ec8f0000 - 0x00007ff9ecc68000 	C:\WINDOWS\System32\combase.dll
0x00007ff9e84b0000 - 0x00007ff9e8616000 	C:\WINDOWS\SYSTEM32\wintypes.dll
0x00007ff9eb4b0000 - 0x00007ff9eb59a000 	C:\WINDOWS\System32\SHCORE.dll
0x00007ff9ec310000 - 0x00007ff9ec36d000 	C:\WINDOWS\System32\shlwapi.dll
0x00007ff9ea420000 - 0x00007ff9ea441000 	C:\WINDOWS\SYSTEM32\profapi.dll
0x00007ff9c5130000 - 0x00007ff9c514a000 	E:\Android Studio Patch1\jre\bin\net.dll
0x00007ff9e46d0000 - 0x00007ff9e47dc000 	C:\WINDOWS\SYSTEM32\WINHTTP.dll
0x00007ff9e99e0000 - 0x00007ff9e9a47000 	C:\WINDOWS\system32\mswsock.dll
0x00007ff9c13c0000 - 0x00007ff9c13d4000 	E:\Android Studio Patch1\jre\bin\nio.dll
0x00007ff9b3830000 - 0x00007ff9b3857000 	C:\Users\HP\.gradle\native\e1d6ef7f7dcc3fd88c89a11ec53ec762bb8ba0a96d01ffa2cd45eb1d1d8dd5c5\windows-amd64\native-platform.dll
0x00007ff987290000 - 0x00007ff9873d4000 	C:\Users\HP\.gradle\native\5664cfc778a61ccfe75a443a1ab52a65af34e5dc3c78e0209fed803814484fcb\windows-amd64\native-platform-file-events.dll
0x00007ff9c7810000 - 0x00007ff9c781a000 	E:\Android Studio Patch1\jre\bin\management.dll
0x00007ff9c7740000 - 0x00007ff9c774d000 	E:\Android Studio Patch1\jre\bin\management_ext.dll
0x00007ff9e9c40000 - 0x00007ff9e9c58000 	C:\WINDOWS\SYSTEM32\CRYPTSP.dll
0x00007ff9e9510000 - 0x00007ff9e9545000 	C:\WINDOWS\system32\rsaenh.dll
0x00007ff9e9af0000 - 0x00007ff9e9b19000 	C:\WINDOWS\SYSTEM32\USERENV.dll
0x00007ff9e9de0000 - 0x00007ff9e9e07000 	C:\WINDOWS\SYSTEM32\bcrypt.dll
0x00007ff9e9c60000 - 0x00007ff9e9c6c000 	C:\WINDOWS\SYSTEM32\CRYPTBASE.dll
0x00007ff9e90e0000 - 0x00007ff9e910d000 	C:\WINDOWS\SYSTEM32\IPHLPAPI.DLL
0x00007ff9eb4a0000 - 0x00007ff9eb4a9000 	C:\WINDOWS\System32\NSI.dll
0x00007ff9e44a0000 - 0x00007ff9e44b9000 	C:\WINDOWS\SYSTEM32\dhcpcsvc6.DLL
0x00007ff9e5380000 - 0x00007ff9e539e000 	C:\WINDOWS\SYSTEM32\dhcpcsvc.DLL
0x00007ff9e9110000 - 0x00007ff9e91f7000 	C:\WINDOWS\SYSTEM32\DNSAPI.dll

dbghelp: loaded successfully - version: 4.0.5 - missing functions: none
symbol engine: initialized successfully - sym options: 0x614 - pdb path: .;E:\Android Studio Patch1\jre\bin;C:\WINDOWS\SYSTEM32;C:\WINDOWS\WinSxS\amd64_microsoft.windows.common-controls_6595b64144ccf1df_6.0.22000.120_none_9d947278b86cc467;E:\Android Studio Patch1\jre\bin\server;C:\Users\HP\.gradle\native\e1d6ef7f7dcc3fd88c89a11ec53ec762bb8ba0a96d01ffa2cd45eb1d1d8dd5c5\windows-amd64;C:\Users\HP\.gradle\native\5664cfc778a61ccfe75a443a1ab52a65af34e5dc3c78e0209fed803814484fcb\windows-amd64

VM Arguments:
jvm_args: --add-opens=java.base/java.util=ALL-UNNAMED --add-opens=java.base/java.lang=ALL-UNNAMED --add-opens=java.base/java.lang.invoke=ALL-UNNAMED --add-opens=java.base/java.util=ALL-UNNAMED --add-opens=java.prefs/java.util.prefs=ALL-UNNAMED --add-opens=java.prefs/java.util.prefs=ALL-UNNAMED --add-opens=java.base/java.nio.charset=ALL-UNNAMED --add-opens=java.base/java.net=ALL-UNNAMED --add-opens=java.base/java.util.concurrent.atomic=ALL-UNNAMED -Xmx2048m -Dfile.encoding=UTF-8 -Duser.country=IN -Duser.language=en -Duser.variant 
java_command: org.gradle.launcher.daemon.bootstrap.GradleDaemon 7.2
java_class_path (initial): C:\Users\HP\.gradle\wrapper\dists\gradle-7.2-bin\2dnblmf4td7x66yl1d74lt32g\gradle-7.2\lib\gradle-launcher-7.2.jar
Launcher Type: SUN_STANDARD

[Global flags]
     intx CICompilerCount                          = 4                                         {product} {ergonomic}
     uint ConcGCThreads                            = 2                                         {product} {ergonomic}
     uint G1ConcRefinementThreads                  = 8                                         {product} {ergonomic}
   size_t G1HeapRegionSize                         = 1048576                                   {product} {ergonomic}
    uintx GCDrainStackTargetSize                   = 64                                        {product} {ergonomic}
   size_t InitialHeapSize                          = 199229440                                 {product} {ergonomic}
   size_t MarkStackSize                            = 4194304                                   {product} {ergonomic}
   size_t MaxHeapSize                              = 2147483648                                {product} {command line}
   size_t MaxNewSize                               = 1287651328                                {product} {ergonomic}
   size_t MinHeapDeltaBytes                        = 1048576                                   {product} {ergonomic}
    uintx NonNMethodCodeHeapSize                   = 5836300                                {pd product} {ergonomic}
    uintx NonProfiledCodeHeapSize                  = 122910970                              {pd product} {ergonomic}
    uintx ProfiledCodeHeapSize                     = 122910970                              {pd product} {ergonomic}
    uintx ReservedCodeCacheSize                    = 251658240                              {pd product} {ergonomic}
     bool SegmentedCodeCache                       = true                                      {product} {ergonomic}
     bool UseCompressedClassPointers               = true                                 {lp64_product} {ergonomic}
     bool UseCompressedOops                        = true                                 {lp64_product} {ergonomic}
     bool UseG1GC                                  = true                                      {product} {ergonomic}
     bool UseLargePagesIndividualAllocation        = false                                  {pd product} {ergonomic}

Logging:
Log output configuration:
 #0: stdout all=warning uptime,level,tags
 #1: stderr all=off uptime,level,tags

Environment Variables:
JAVA_HOME=E:\jdk
PATH=C:\Program Files\Common Files\Oracle\Java\javapath;C:\WINDOWS\system32;C:\WINDOWS;C:\WINDOWS\System32\Wbem;C:\WINDOWS\System32\WindowsPowerShell\v1.0\;C:\WINDOWS\System32\OpenSSH\;C:\Program Files (x86)\Google\Chrome\Application\chrome.exe;C:\ProgramData\chocolatey\bin;E:\Mingw\bin;E:\chromedriver\chromedriver_win32\chromedriver.exe;E:\Git\cmd;C:\Program Files\Microsoft Network Monitor 3\;E:\Python3.10.2\Scripts;E:\Python3.10.2\;C:\Users\HP\AppData\Local\Microsoft\WindowsApps;C:\Users\HP\AppData\Local\GitHubDesktop\bin;E:\Mingw\mingw-w64.bat;C:\Users\HP\AppData\Local\Microsoft\WindowsApps;E:\Microsoft VS Code\bin;E:\ookla;%IntelliJ IDEA%;E:\Intellij Idea\IntelliJ IDEA Community Edition 2021.3.2\bin;C:\Users\HP\AppData\Local\atom\bin;E:\jdk\bin;;E:\Intellij Idea\IntelliJ IDEA Community Edition 2021.3.2\bin;;E:\PyCharm\PyCharm Community Edition 2021.3.3\bin;
USERNAME=HP
OS=Windows_NT
PROCESSOR_IDENTIFIER=Intel64 Family 6 Model 126 Stepping 5, GenuineIntel



---------------  S Y S T E M  ---------------

OS: Windows 10 , 64 bit Build 22000 (10.0.22000.434)
OS uptime: 34 days 5:59 hours
Hyper-V role detected

CPU:total 8 (initial active 8) (4 cores per cpu, 2 threads per core) family 6 model 126 stepping 5 microcode 0xa6, cmov, cx8, fxsr, mmx, sse, sse2, sse3, ssse3, sse4.1, sse4.2, popcnt, avx, avx2, aes, clmul, erms, 3dnowpref, lzcnt, ht, tsc, tscinvbit, bmi1, bmi2, adx, evex, sha, fma

Memory: 4k page, system-wide physical 12069M (930M free)
TotalPageFile size 18213M (AvailPageFile size 3M)
current process WorkingSet (physical memory assigned to process): 261M, peak: 261M
current process commit charge ("private bytes"): 362M, peak: 364M

vm_info: OpenJDK 64-Bit Server VM (11.0.11+9-b60-7590822) for windows-amd64 JRE (11.0.11+9-b60-7590822), built on Jul 29 2021 21:43:44 by "builder" with MS VC++ 14.0 (VS2015)

END.
